\BOOKMARK [0][-]{chapter.1}{\376\377\000G\000I\036\332\000I\000\040\000T\000H\000I\036\306\000U\000\040\001\020\036\300\000\040\000T\000\300\000I}{}% 1
\BOOKMARK [1][-]{section.1.1}{\376\377\000T\000\355\000n\000h\000\040\000c\036\245\000p\000\040\000t\000h\000i\036\277\000t\000\040\000c\036\347\000a\000\040\001\021\036\301\000\040\000t\000\340\000i}{chapter.1}% 2
\BOOKMARK [1][-]{section.1.2}{\376\377\000M\000\364\000\040\000t\036\243\000\040\000b\000\340\000i\000\040\000t\000o\000\341\000n}{chapter.1}% 3
\BOOKMARK [1][-]{section.1.3}{\376\377\001\020\036\321\000i\000\040\000t\001\260\036\343\000n\000g\000\040\000v\000\340\000\040\000p\000h\036\241\000m\000\040\000v\000i\000\040\000n\000g\000h\000i\000\352\000n\000\040\000c\036\351\000u}{chapter.1}% 4
\BOOKMARK [1][-]{section.1.4}{\376\377\000M\036\345\000c\000\040\000t\000i\000\352\000u\000\040\001\021\036\301\000\040\000t\000\340\000i}{chapter.1}% 5
\BOOKMARK [0][-]{chapter.2}{\376\377\000N\000G\000H\000I\000\312\000N\000\040\000C\036\350\000U\000\040\000L\000I\000\312\000N\000\040\000Q\000U\000A\000N}{}% 6
\BOOKMARK [1][-]{section.2.1}{\376\377\000D\036\361\000\040\001\021\000o\000\341\000n\000\040\000g\000i\000\341\000\040\000t\000i\036\301\000n\000\040\000m\000\343\000\040\000h\000\363\000a\000\040\000b\036\261\000n\000g\000\040\000h\036\315\000c\000\040\000s\000\342\000u}{chapter.2}% 7
\BOOKMARK [1][-]{section.2.2}{\376\377\000X\036\355\000\040\000l\000\375\000\040\000d\036\357\000\040\000l\000i\036\307\000u\000\040\000t\000\340\000i\000\040\000c\000h\000\355\000n\000h\000\040\000t\000h\000e\000o\000\040\000t\000h\036\335\000i\000\040\000g\000i\000a\000n\000\040\000t\000h\036\361\000c}{chapter.2}% 8
\BOOKMARK [1][-]{section.2.3}{\376\377\000K\000i\036\277\000n\000\040\000t\000r\000\372\000c\000\040\000L\000a\000m\000b\000d\000a\000\040\000t\000r\000o\000n\000g\000\040\000p\000h\000\342\000n\000\040\000t\000\355\000c\000h\000\040\000d\036\357\000\040\000l\000i\036\307\000u\000\040\000l\036\333\000n}{chapter.2}% 9
\BOOKMARK [1][-]{section.2.4}{\376\377\000C\000h\036\311\000\040\000s\036\321\000\040\000k\036\371\000\040\000t\000h\000u\036\255\000t\000\040\000v\000\340\000\040\000p\000h\000\342\000n\000\040\000t\000\355\000c\000h\000\040\000t\000\340\000i\000\040\000c\000h\000\355\000n\000h}{chapter.2}% 10
\BOOKMARK [1][-]{section.2.5}{\376\377\001\020\000i\036\303\000m\000\040\000m\036\333\000i\000\040\000c\036\347\000a\000\040\001\021\036\301\000\040\000t\000\340\000i}{chapter.2}% 11
\BOOKMARK [0][-]{chapter.3}{\376\377\000B\036\330\000\040\000D\036\356\000\040\000L\000I\036\306\000U\000\040\000V\000\300\000\040\000P\000H\000\302\000N\000\040\000T\000\315\000C\000H\000\040\000K\000H\000\301\000M\000\040\000P\000H\000\301}{}% 12
\BOOKMARK [1][-]{section.3.1}{\376\377\000T\000h\000u\000\040\000t\000h\036\255\000p\000\040\000d\036\357\000\040\000l\000i\036\307\000u}{chapter.3}% 13
\BOOKMARK [2][-]{subsection.3.1.1}{\376\377\000N\000g\000u\036\323\000n\000\040\000d\036\357\000\040\000l\000i\036\307\000u\000\040\000v\000\340\000\040\000p\000h\001\260\001\241\000n\000g\000\040\000t\000h\036\351\000c\000\040\000t\000h\000u\000\040\000t\000h\036\255\000p}{section.3.1}% 14
\BOOKMARK [2][-]{subsection.3.1.2}{\376\377\000C\036\245\000u\000\040\000t\000r\000\372\000c\000\040\000d\036\357\000\040\000l\000i\036\307\000u\000\040\000t\000h\000\364}{section.3.1}% 15
\BOOKMARK [2][-]{subsection.3.1.3}{\376\377\000T\000h\036\321\000n\000g\000\040\000k\000\352\000\040\000m\000\364\000\040\000t\036\243\000\040\000d\036\357\000\040\000l\000i\036\307\000u\000\040\000t\000h\000\364}{section.3.1}% 16
\BOOKMARK [1][-]{section.3.2}{\376\377\000P\000h\000\342\000n\000\040\000t\000\355\000c\000h\000\040\000k\000h\000\341\000m\000\040\000p\000h\000\341\000\040\000d\036\357\000\040\000l\000i\036\307\000u}{chapter.3}% 17
\BOOKMARK [2][-]{subsection.3.2.1}{\376\377\000B\000i\036\277\000n\000\040\001\021\036\331\000n\000g\000\040\000g\000i\000\341\000\040\000t\000h\000e\000o\000\040\000t\000h\036\335\000i\000\040\000g\000i\000a\000n}{section.3.2}% 18
\BOOKMARK [2][-]{subsection.3.2.2}{\376\377\000P\000h\000\342\000n\000\040\000p\000h\036\321\000i\000\040\000l\000o\000g\000-\000r\000e\000t\000u\000r\000n\000\040\040\024\000\040\000l\000\375\000\040\000d\000o\000\040\000k\000h\000\364\000n\000g\000\040\000d\000\371\000n\000g\000\040\000M\000S\000E}{section.3.2}% 19
\BOOKMARK [2][-]{subsection.3.2.3}{\376\377\000K\000i\036\303\000m\000\040\001\021\036\313\000n\000h\000\040\000t\000\355\000n\000h\000\040\000d\036\353\000n\000g\000\040\000\050\000S\000t\000a\000t\000i\000o\000n\000a\000r\000i\000t\000y\000\051}{section.3.2}% 20
\BOOKMARK [2][-]{subsection.3.2.4}{\376\377\000P\000h\000\342\000n\000\040\000t\000\355\000c\000h\000\040\000k\000h\036\321\000i\000\040\000l\001\260\036\343\000n\000g\000\040\000g\000i\000a\000o\000\040\000d\036\313\000c\000h}{section.3.2}% 21
\BOOKMARK [2][-]{subsection.3.2.5}{\376\377\000R\000o\000l\000l\000i\000n\000g\000\040\000s\000t\000a\000t\000i\000s\000t\000i\000c\000s\000\040\000v\000\340\000\040\000x\000u\000\040\000h\001\260\036\333\000n\000g}{section.3.2}% 22
\BOOKMARK [1][-]{section.3.3}{\376\377\000T\001\260\001\241\000n\000g\000\040\000q\000u\000a\000n\000\040\000B\000i\000t\000c\000o\000i\000n\000\040\040\023\000\040\000D\000o\000g\000e\000c\000o\000i\000n}{chapter.3}% 23
\BOOKMARK [1][-]{section.3.4}{\376\377\000X\000\342\000y\000\040\000d\036\361\000n\000g\000\040\001\021\036\267\000c\000\040\000t\000r\001\260\000n\000g\000\040\000\050\000F\000e\000a\000t\000u\000r\000e\000\040\000E\000n\000g\000i\000n\000e\000e\000r\000i\000n\000g\000\051}{chapter.3}% 24
\BOOKMARK [2][-]{subsection.3.4.1}{\376\377\000T\000h\000i\036\277\000t\000\040\000k\036\277\000\040\000b\036\331\000\040\001\021\036\267\000c\000\040\000t\000r\001\260\000n\000g\000\040\0009\000\040\000c\000h\000i\036\301\000u}{section.3.4}% 25
\BOOKMARK [2][-]{subsection.3.4.2}{\376\377\000P\000h\000\342\000n\000\040\000t\000\355\000c\000h\000\040\001\021\036\267\000c\000\040\000t\000r\001\260\000n\000g\000\040\000t\000r\036\361\000c\000\040\000q\000u\000a\000n}{section.3.4}% 26
\BOOKMARK [2][-]{subsection.3.4.3}{\376\377\000W\000a\000r\000m\000u\000p\000\040\000v\000\340\000\040\000s\036\321\000\040\000h\000\340\000n\000g\000\040\000h\036\343\000p\000\040\000l\036\307}{section.3.4}% 27
\BOOKMARK [1][-]{section.3.5}{\376\377\000P\000h\000\342\000n\000\040\000c\000h\000i\000a\000\040\000t\036\255\000p\000\040\000d\036\357\000\040\000l\000i\036\307\000u}{chapter.3}% 28
\BOOKMARK [2][-]{subsection.3.5.1}{\376\377\000N\000g\000u\000y\000\352\000n\000\040\000t\036\257\000c\000\040\000p\000h\000\342\000n\000\040\000c\000h\000i\000a\000\040\000c\000h\000r\000o\000n\000o\000l\000o\000g\000i\000c\000a\000l}{section.3.5}% 29
\BOOKMARK [2][-]{subsection.3.5.2}{\376\377\000R\000o\000l\000l\000i\000n\000g\000\040\000w\000i\000n\000d\000o\000w\000\040\000v\000\340\000\040\000c\001\241\000\040\000c\000h\036\277\000\040\000p\000h\000\342\000n\000\040\000c\000h\000i\000a}{section.3.5}% 30
\BOOKMARK [2][-]{subsection.3.5.3}{\376\377\000P\000h\000\342\000n\000\040\000p\000h\036\321\000i\000\040\000n\000h\000\343\000n\000\040\000h\001\260\036\333\000n\000g\000\040\000\050\000d\000i\000r\000e\000c\000t\000i\000o\000n\000\040\000l\000a\000b\000e\000l\000s\000\051}{section.3.5}% 31
\BOOKMARK [1][-]{section.3.6}{\376\377\000T\000\363\000m\000\040\000t\036\257\000t\000\040\000c\000h\001\260\001\241\000n\000g}{chapter.3}% 32
\BOOKMARK [0][-]{chapter.4}{\376\377\000P\000H\001\257\001\240\000N\000G\000\040\000P\000H\000\301\000P\000\040\001\020\036\300\000\040\000X\000U\036\244\000T}{}% 33
\BOOKMARK [1][-]{section.4.1}{\376\377\000T\036\325\000n\000g\000\040\000q\000u\000a\000n\000\040\000k\000i\036\277\000n\000\040\000t\000r\000\372\000c\000\040\000L\000a\000m\000b\000d\000a}{chapter.4}% 34
\BOOKMARK [1][-]{section.4.2}{\376\377\000S\000p\000e\000e\000d\000\040\000L\000a\000y\000e\000r\000:\000\040\000K\000a\000f\000k\000a\000\040\000v\000\340\000\040\000S\000p\000a\000r\000k\000\040\000S\000t\000r\000e\000a\000m\000i\000n\000g}{chapter.4}% 35
\BOOKMARK [2][-]{subsection.4.2.1}{\376\377\000K\000a\000f\000k\000a\000\040\000P\000r\000o\000d\000u\000c\000e\000r}{section.4.2}% 36
\BOOKMARK [2][-]{subsection.4.2.2}{\376\377\000S\000p\000a\000r\000k\000\040\000S\000t\000r\000u\000c\000t\000u\000r\000e\000d\000\040\000S\000t\000r\000e\000a\000m\000i\000n\000g}{section.4.2}% 37
\BOOKMARK [1][-]{section.4.3}{\376\377\000B\000a\000t\000c\000h\000\040\000L\000a\000y\000e\000r\000:\000\040\000S\000p\000a\000r\000k\000\040\000B\000a\000t\000c\000h\000\040\000J\000o\000b}{chapter.4}% 38
\BOOKMARK [1][-]{section.4.4}{\376\377\000M\000\364\000\040\000h\000\354\000n\000h\000\040\000L\000S\000T\000M\000\040\000D\000u\000a\000l\000-\000H\000e\000a\000d\000\040\000\050\000v\0003\000\051}{chapter.4}% 39
\BOOKMARK [2][-]{subsection.4.4.1}{\376\377\000K\000i\036\277\000n\000\040\000t\000r\000\372\000c\000\040\000t\036\325\000n\000g\000\040\000t\000h\036\303}{section.4.4}% 40
\BOOKMARK [2][-]{subsection.4.4.2}{\376\377\000L\000S\000T\000M\000\040\000E\000n\000c\000o\000d\000e\000r}{section.4.4}% 41
\BOOKMARK [2][-]{subsection.4.4.3}{\376\377\000P\000r\000i\000c\000e\000\040\000H\000e\000a\000d\000\040\000v\000\340\000\040\000V\000o\000l\000a\000t\000i\000l\000i\000t\000y\000\040\000H\000e\000a\000d}{section.4.4}% 42
\BOOKMARK [2][-]{subsection.4.4.4}{\376\377\000H\000\340\000m\000\040\000m\036\245\000t\000\040\000m\000\341\000t\000\040\000\050\000L\000o\000s\000s\000\040\000F\000u\000n\000c\000t\000i\000o\000n\000\051}{section.4.4}% 43
\BOOKMARK [2][-]{subsection.4.4.5}{\376\377\000Q\000u\000y\000\040\000t\000r\000\354\000n\000h\000\040\000h\000u\036\245\000n\000\040\000l\000u\000y\036\307\000n}{section.4.4}% 44
\BOOKMARK [1][-]{section.4.5}{\376\377\000W\000a\000l\000k\000-\000F\000o\000r\000w\000a\000r\000d\000\040\000V\000a\000l\000i\000d\000a\000t\000i\000o\000n}{chapter.4}% 45
\BOOKMARK [0][-]{chapter.5}{\376\377\000T\000H\036\360\000C\000\040\000N\000G\000H\000I\036\306\000M\000\040\000V\000\300\000\040\000K\036\276\000T\000\040\000Q\000U\036\242}{}% 46
\BOOKMARK [1][-]{section.5.1}{\376\377\000M\000\364\000i\000\040\000t\000r\001\260\036\335\000n\000g\000\040\000t\000h\036\361\000c\000\040\000n\000g\000h\000i\036\307\000m}{chapter.5}% 47
\BOOKMARK [1][-]{section.5.2}{\376\377\000Q\000u\000y\000\040\000t\000r\000\354\000n\000h\000\040\000t\000h\036\361\000c\000\040\000n\000g\000h\000i\036\307\000m}{chapter.5}% 48
\BOOKMARK [1][-]{section.5.3}{\376\377\001\020\036\331\000\040\001\021\000o\000\040\001\021\000\341\000n\000h\000\040\000g\000i\000\341}{chapter.5}% 49
\BOOKMARK [1][-]{section.5.4}{\376\377\000K\036\277\000t\000\040\000q\000u\036\243\000\040\000t\000r\000\352\000n\000\040\000t\036\255\000p\000\040\000k\000i\036\303\000m\000\040\000t\000h\036\355}{chapter.5}% 50
\BOOKMARK [2][-]{subsection.5.4.1}{\376\377\000S\000o\000\040\000s\000\341\000n\000h\000\040\000B\000T\000C\000\040\000v\000\340\000\040\000D\000O\000G\000E}{section.5.4}% 51
\BOOKMARK [2][-]{subsection.5.4.2}{\376\377\000P\000h\000\342\000n\000\040\000t\000\355\000c\000h\000\040\000M\000A\000E\000\040\000t\000h\000e\000o\000\040\000t\036\353\000n\000g\000\040\000b\001\260\036\333\000c\000\040\000d\036\361\000\040\001\021\000o\000\341\000n}{section.5.4}% 52
\BOOKMARK [2][-]{subsection.5.4.3}{\376\377\000D\036\361\000\040\001\021\000o\000\341\000n\000\040\000v\000s\000.\000\040\000G\000i\000\341\000\040\000t\000h\036\361\000c\000\040\000t\036\277}{section.5.4}% 53
\BOOKMARK [2][-]{subsection.5.4.4}{\376\377\000T\000r\036\361\000c\000\040\000q\000u\000a\000n\000\040\000h\000\363\000a\000\040\000d\036\361\000\040\001\021\000o\000\341\000n\000\040\0007\000\040\000n\000g\000\340\000y}{section.5.4}% 54
\BOOKMARK [2][-]{subsection.5.4.5}{\376\377\000P\000h\000\342\000n\000\040\000t\000\355\000c\000h\000\040\000V\000o\000l\000a\000t\000i\000l\000i\000t\000y\000\040\000H\000e\000a\000d}{section.5.4}% 55
\BOOKMARK [1][-]{section.5.5}{\376\377\000W\000a\000l\000k\000-\000F\000o\000r\000w\000a\000r\000d\000\040\000V\000a\000l\000i\000d\000a\000t\000i\000o\000n}{chapter.5}% 56
\BOOKMARK [2][-]{subsection.5.5.1}{\376\377\000K\036\277\000t\000\040\000q\000u\036\243\000\040\000t\036\325\000n\000g\000\040\000h\036\343\000p}{section.5.5}% 57
\BOOKMARK [2][-]{subsection.5.5.2}{\376\377\000K\036\277\000t\000\040\000q\000u\036\243\000\040\000t\000h\000e\000o\000\040\000t\036\353\000n\000g\000\040\000f\000o\000l\000d\000\040\000\050\000B\000i\000t\000c\000o\000i\000n\000\051}{section.5.5}% 58
\BOOKMARK [1][-]{section.5.6}{\376\377\000B\000a\000c\000k\000t\000e\000s\000t\000\040\0006\000\040\000T\000h\000\341\000n\000g\000\040\000\050\000B\000i\000t\000c\000o\000i\000n\000\051}{chapter.5}% 59
\BOOKMARK [2][-]{subsection.5.6.1}{\376\377\000P\000h\001\260\001\241\000n\000g\000\040\000p\000h\000\341\000p}{section.5.6}% 60
\BOOKMARK [2][-]{subsection.5.6.2}{\376\377\000K\036\277\000t\000\040\000q\000u\036\243\000\040\000s\000o\000\040\000s\000\341\000n\000h\000\040\001\021\000a\000\040\000h\000o\000r\000i\000z\000o\000n}{section.5.6}% 61
\BOOKMARK [0][-]{chapter.6}{\376\377\000K\036\276\000T\000\040\000L\000U\036\254\000N}{}% 62
\BOOKMARK [1][-]{section.6.1}{\376\377\000T\000\363\000m\000\040\000t\036\257\000t\000\040\001\021\000\363\000n\000g\000\040\000g\000\363\000p}{chapter.6}% 63
\BOOKMARK [1][-]{section.6.2}{\376\377\000H\036\241\000n\000\040\000c\000h\036\277\000\040\000v\000\340\000\040\001\021\000i\036\303\000m\000\040\000c\036\247\000n\000\040\000c\036\243\000i\000\040\000t\000h\000i\036\307\000n}{chapter.6}% 64
\BOOKMARK [1][-]{section.6.3}{\376\377\000K\036\277\000t\000\040\000l\000u\036\255\000n}{chapter.6}% 65
\BOOKMARK [0][-]{chapter.7}{\376\377\000H\001\257\036\332\000N\000G\000\040\000P\000H\000\301\000T\000\040\000T\000R\000I\036\302\000N}{}% 66
