\BOOKMARK [1][-]{section.1}{\376\377\000G\000i\036\333\000i\000\040\000t\000h\000i\036\307\000u}{}% 1
\BOOKMARK [2][-]{subsection.1.1}{\376\377\000T\000h\000\364\000n\000g\000\040\000t\000i\000n\000\040\000s\000i\000n\000h\000\040\000v\000i\000\352\000n}{section.1}% 2
\BOOKMARK [2][-]{subsection.1.2}{\376\377\000B\036\321\000i\000\040\000c\036\243\000n\000h\000\040\001\021\036\323\000\040\000\341\000n}{section.1}% 3
\BOOKMARK [2][-]{subsection.1.3}{\376\377\000P\000h\036\241\000m\000\040\000v\000i\000\040\000t\000\340\000i\000\040\000l\000i\036\307\000u}{section.1}% 4
\BOOKMARK [1][-]{section.2}{\376\377\000K\000i\036\277\000n\000\040\000t\000r\000\372\000c\000\040\000H\036\307\000\040\000t\000h\036\321\000n\000g}{}% 5
\BOOKMARK [2][-]{subsection.2.1}{\376\377\000L\000\375\000\040\000d\000o\000\040\000c\000h\036\315\000n\000\040\000L\000a\000m\000b\000d\000a\000\040\000A\000r\000c\000h\000i\000t\000e\000c\000t\000u\000r\000e}{section.2}% 6
\BOOKMARK [2][-]{subsection.2.2}{\376\377\000S\001\241\000\040\001\021\036\323\000\040\000k\000i\036\277\000n\000\040\000t\000r\000\372\000c\000\040\000t\036\325\000n\000g\000\040\000q\000u\000a\000n}{section.2}% 7
\BOOKMARK [2][-]{subsection.2.3}{\376\377\000C\0004\000\040\000C\000o\000n\000t\000a\000i\000n\000e\000r\000\040\000M\000o\000d\000e\000l}{section.2}% 8
\BOOKMARK [2][-]{subsection.2.4}{\376\377\000L\000u\036\323\000n\000g\000\040\000d\036\357\000\040\000l\000i\036\307\000u\000\040\000e\000n\000d\000-\000t\000o\000-\000e\000n\000d}{section.2}% 9
\BOOKMARK [1][-]{section.3}{\376\377\000C\000\341\000c\000\040\000T\000h\000\340\000n\000h\000\040\000p\000h\036\247\000n\000\040\000v\000\340\000\040\000T\000r\000\341\000c\000h\000\040\000n\000h\000i\036\307\000m}{}% 10
\BOOKMARK [2][-]{subsection.3.1}{\376\377\000C\000o\000i\000n\000G\000e\000c\000k\000o\000\040\000P\000r\000o\000d\000u\000c\000e\000r}{section.3}% 11
\BOOKMARK [2][-]{subsection.3.2}{\376\377\000S\000p\000e\000e\000d\000\040\000L\000a\000y\000e\000r\000:\000\040\000K\000a\000f\000k\000a\000\040\000+\000\040\000S\000p\000a\000r\000k\000\040\000S\000t\000r\000u\000c\000t\000u\000r\000e\000d\000\040\000S\000t\000r\000e\000a\000m\000i\000n\000g}{section.3}% 12
\BOOKMARK [2][-]{subsection.3.3}{\376\377\000B\000a\000t\000c\000h\000\040\000L\000a\000y\000e\000r\000:\000\040\000S\000p\000a\000r\000k\000\040\000B\000a\000t\000c\000h\000\040\000J\000o\000b}{section.3}% 13
\BOOKMARK [2][-]{subsection.3.4}{\376\377\000M\000o\000n\000g\000o\000D\000B\000\040\000S\000e\000r\000v\000i\000n\000g\000\040\000L\000a\000y\000e\000r}{section.3}% 14
\BOOKMARK [2][-]{subsection.3.5}{\376\377\000M\000L\000\040\000P\000i\000p\000e\000l\000i\000n\000e\000:\000\040\000L\000S\000T\000M\000\040\000F\000o\000r\000e\000c\000a\000s\000t\000i\000n\000g}{section.3}% 15
\BOOKMARK [3][-]{subsubsection.3.5.1}{\376\377\000F\000e\000a\000t\000u\000r\000e\000\040\000E\000n\000g\000i\000n\000e\000e\000r\000i\000n\000g}{subsection.3.5}% 16
\BOOKMARK [3][-]{subsubsection.3.5.2}{\376\377\000K\000i\036\277\000n\000\040\000t\000r\000\372\000c\000\040\000M\000\364\000\040\000h\000\354\000n\000h}{subsection.3.5}% 17
\BOOKMARK [3][-]{subsubsection.3.5.3}{\376\377\000H\000u\036\245\000n\000\040\000l\000u\000y\036\307\000n\000\040\000v\000\340\000\040\001\020\000\341\000n\000h\000\040\000g\000i\000\341}{subsection.3.5}% 18
\BOOKMARK [2][-]{subsection.3.6}{\376\377\000F\000a\000s\000t\000A\000P\000I\000\040\000B\000a\000c\000k\000e\000n\000d}{section.3}% 19
\BOOKMARK [2][-]{subsection.3.7}{\376\377\000P\000r\000e\000s\000e\000n\000t\000a\000t\000i\000o\000n\000\040\000L\000a\000y\000e\000r\000:\000\040\000R\000e\000a\000c\000t\000\040\000F\000r\000o\000n\000t\000e\000n\000d\000\040\000v\000\340\000\040\000S\000t\000r\000e\000a\000m\000l\000i\000t}{section.3}% 20
\BOOKMARK [2][-]{subsection.3.8}{\376\377\000I\000n\000f\000e\000r\000e\000n\000c\000e\000\040\000S\000c\000h\000e\000d\000u\000l\000e\000r}{section.3}% 21
\BOOKMARK [1][-]{section.4}{\376\377\000T\000r\000i\036\303\000n\000\040\000k\000h\000a\000i\000\040\000H\036\307\000\040\000t\000h\036\321\000n\000g}{}% 22
\BOOKMARK [1][-]{section.5}{\376\377\001\020\036\243\000m\000\040\000b\036\243\000o\000\040\000C\000h\036\245\000t\000\040\000l\001\260\036\343\000n\000g\000:\000\040\000K\000i\036\303\000m\000\040\000t\000h\036\355\000\040\000E\0002\000E}{}% 23
\BOOKMARK [2][-]{subsection.5.1}{\376\377\000C\000h\000i\036\277\000n\000\040\000l\001\260\036\343\000c\000\040\000K\000i\036\303\000m\000\040\000t\000h\036\355}{section.5}% 24
\BOOKMARK [2][-]{subsection.5.2}{\376\377\000L\000a\000y\000e\000r\000\040\0001\000:\000\040\000P\000r\000o\000d\000u\000c\000e\000r\000\040\000\040\000K\000a\000f\000k\000a}{section.5}% 25
\BOOKMARK [2][-]{subsection.5.3}{\376\377\000L\000a\000y\000e\000r\000\040\0002\000:\000\040\000S\000p\000a\000r\000k\000\040\000B\000a\000t\000c\000h\000\040\000\040\000M\000o\000n\000g\000o\000D\000B}{section.5}% 26
\BOOKMARK [2][-]{subsection.5.4}{\376\377\000L\000a\000y\000e\000r\000\040\0003\000:\000\040\000M\000L\000\040\000P\000i\000p\000e\000l\000i\000n\000e\000\040\000\040\000M\000o\000n\000g\000o\000D\000B}{section.5}% 27
\BOOKMARK [2][-]{subsection.5.5}{\376\377\000M\000a\000\040\000t\000r\036\255\000n\000\040\000P\000h\036\347\000\040\000K\000i\036\303\000m\000\040\000t\000h\036\355}{section.5}% 28
\BOOKMARK [1][-]{section.6}{\376\377\001\020\000\341\000n\000h\000\040\000g\000i\000\341\000\040\000M\000\364\000\040\000h\000\354\000n\000h\000\040\000L\000S\000T\000M}{}% 29
\BOOKMARK [2][-]{subsection.6.1}{\376\377\000W\000a\000l\000k\000-\000F\000o\000r\000w\000a\000r\000d\000\040\000V\000a\000l\000i\000d\000a\000t\000i\000o\000n}{section.6}% 30
\BOOKMARK [2][-]{subsection.6.2}{\376\377\000B\000a\000c\000k\000t\000e\000s\000t\000\040\0006\000\040\000T\000h\000\341\000n\000g}{section.6}% 31
\BOOKMARK [1][-]{section.7}{\376\377\000G\000i\036\333\000i\000\040\000h\036\241\000n\000\040\000K\036\371\000\040\000t\000h\000u\036\255\000t}{}% 32
\BOOKMARK [1][-]{section.8}{\376\377\000K\036\277\000t\000\040\000l\000u\036\255\000n}{}% 33
